
Start-Date: 2022-12-10  11:14:36
Commandline: packagekit role='install-packages'
Install: mythes-en-us:armhf (1:7.1.0~rc3-3), hyphen-en-us:armhf (2.8.8-7), libreoffice-help-en-us:armhf (1:7.0.4-4+rpi1+deb11u3)
End-Date: 2022-12-10  11:14:41

Start-Date: 2022-12-10  11:16:35
Commandline: packagekit role='update-packages'
Install: libva-wayland2:armhf (2.10.0-1)
Upgrade: libntfs-3g883:armhf (1:2017.3.23AR.3-4+deb11u2, 1:2017.3.23AR.3-4+deb11u3), vlc-plugin-qt:armhf (3.0.17.4-0+deb11u1+rpi1+rpt3, 3.0.18-0+deb11u1+rpi1), libvlc5:armhf (3.0.17.4-0+deb11u1+rpi1+rpt3, 3.0.18-0+deb11u1+rpi1), lxplug-ejecter:armhf (0.20, 0.21), python3-kms++:armhf (0~git20211110~105525+2236a8c-1, 0~git20221104~171243+adc05b6-1), bind9-host:armhf (1:9.16.27-1~deb11u1, 1:9.16.33-1~deb11u1), raspberrypi-bootloader:armhf (1:1.20220830-1, 1:1.20221104-1), libgssapi-krb5-2:armhf (1.18.3-6+deb11u2, 1.18.3-6+deb11u3), vlc-data:armhf (3.0.17.4-0+deb11u1+rpi1+rpt3, 3.0.18-0+deb11u1+rpi1), dbus-user-session:armhf (1.12.20-2, 1.12.24-0+deb11u1), firmware-brcm80211:armhf (1:20210315-3+rpt7, 1:20221012-1~bpo11+1+rpt1), rpi-eeprom:armhf (13.16-1, 15.0-1), ntfs-3g:armhf (1:2017.3.23AR.3-4+deb11u2, 1:2017.3.23AR.3-4+deb11u3), xserver-xorg-core:armhf (2:1.20.11-1+rpt1+deb11u2, 2:1.20.11-1+rpt1+deb11u3), libmutter-7-0:armhf (1:3.38.6-2~deb11u2+rpt5, 1:3.38.6-2~deb11u2+rpt6), libvlccore9:armhf (3.0.17.4-0+deb11u1+rpi1+rpt3, 3.0.18-0+deb11u1+rpi1), libmaven-shared-utils-java:armhf (3.3.0-1, 3.3.0-1+deb11u1), vlc:armhf (3.0.17.4-0+deb11u1+rpi1+rpt3, 3.0.18-0+deb11u1+rpi1), raspi-config:armhf (20220920, 20221018), libexpat1:armhf (2.2.10-2+deb11u3, 2.2.10-2+deb11u5), vlc-bin:armhf (3.0.17.4-0+deb11u1+rpi1+rpt3, 3.0.18-0+deb11u1+rpi1), firmware-atheros:armhf (1:20210315-3+rpt7, 1:20221012-1~bpo11+1+rpt1), arandr:armhf (0.1.10-1.1+rpt20, 0.1.10-1.1+rpt21), vlc-l10n:armhf (3.0.17.4-0+deb11u1+rpi1+rpt3, 3.0.18-0+deb11u1+rpi1), lxplug-updater:armhf (0.12, 0.13), libpixman-1-0:armhf (0.40.0-1+rpt1, 0.40.0-1.1~deb11u1+rpt1), libavdevice58:armhf (7:4.3.4-0+deb11u1+rpt3, 7:4.3.5-0+deb11u1+rpt2), ffmpeg:armhf (7:4.3.4-0+deb11u1+rpt3, 7:4.3.5-0+deb11u1+rpt2), libdbus-1-3:armhf (1.12.20-2, 1.12.24-0+deb11u1), raspberrypi-ui-mods:armhf (1.20220810, 1.20221130), libkrb5support0:armhf (1.18.3-6+deb11u2, 1.18.3-6+deb11u3), gir1.2-gtk-3.0:armhf (3.24.24-4+rpt4+deb11u2, 3.24.24-4+rpt9+deb11u2), libxml2:armhf (2.9.10+dfsg-6.7+deb11u2, 2.9.10+dfsg-6.7+deb11u3), mutter-common:armhf (1:3.38.6-2~deb11u2+rpt5, 1:3.38.6-2~deb11u2+rpt6), python3-picamera2:armhf (0.3.3-1, 0.3.7-1), libkms++0:armhf (0~git20211110~105525+2236a8c-1, 0~git20221104~171243+adc05b6-1), libpostproc55:armhf (7:4.3.4-0+deb11u1+rpt3, 7:4.3.5-0+deb11u1+rpt2), isc-dhcp-common:armhf (4.4.1-2.3, 4.4.1-2.3+deb11u1), vlc-plugin-samba:armhf (3.0.17.4-0+deb11u1+rpi1+rpt3, 3.0.18-0+deb11u1+rpi1), dbus-x11:armhf (1.12.20-2, 1.12.24-0+deb11u1), libc6:armhf (2.31-13+rpt2+rpi1+deb11u4, 2.31-13+rpt2+rpi1+deb11u5), locales:armhf (2.31-13+rpt2+rpi1+deb11u4, 2.31-13+rpt2+rpi1+deb11u5), libkrb5-3:armhf (1.18.3-6+deb11u2, 1.18.3-6+deb11u3), lxplug-magnifier:armhf (0.13, 0.14), libcamera-tools:armhf (0~git20220826+3fad116f-1, 0~git20221130+0684c373-1), libavcodec58:armhf (7:4.3.4-0+deb11u1+rpt3, 7:4.3.5-0+deb11u1+rpt2), xserver-common:armhf (2:1.20.11-1+rpt1+deb11u2, 2:1.20.11-1+rpt1+deb11u3), xwayland:armhf (2:1.20.11-1+rpt1+deb11u2, 2:1.20.11-1+rpt1+deb11u3), isc-dhcp-client:armhf (4.4.1-2.3, 4.4.1-2.3+deb11u1), firmware-realtek:armhf (1:20210315-3+rpt7, 1:20221012-1~bpo11+1+rpt1), rp-prefapps:armhf (0.43, 0.44), agnostics:armhf (0.10, 0.12), vlc-plugin-notify:armhf (3.0.17.4-0+deb11u1+rpi1+rpt3, 3.0.18-0+deb11u1+rpi1), rp-bookshelf:armhf (0.18, 0.19), libk5crypto3:armhf (1.18.3-6+deb11u2, 1.18.3-6+deb11u3), firmware-libertas:armhf (1:20210315-3+rpt7, 1:20221012-1~bpo11+1+rpt1), bluez-firmware:armhf (1.2-4+rpt8, 1.2-4+rpt9), libavutil56:armhf (7:4.3.4-0+deb11u1+rpt3, 7:4.3.5-0+deb11u1+rpt2), lxplug-netman:armhf (0.3, 0.4), thonny:armhf (3.3.14-1+rpt1, 4.0.1-1~bpo11+1~rpt1), firmware-misc-nonfree:armhf (1:20210315-3+rpt7, 1:20221012-1~bpo11+1+rpt1), libswscale5:armhf (7:4.3.4-0+deb11u1+rpt3, 7:4.3.5-0+deb11u1+rpt2), libjavascriptcoregtk-4.0-18:armhf (2.34.6-1~deb11u1+rpi1, 2.38.2-1~deb11u1+rpi1), mutter:armhf (1:3.38.6-2~deb11u2+rpt5, 1:3.38.6-2~deb11u2+rpt6), vlc-plugin-access-extra:armhf (3.0.17.4-0+deb11u1+rpi1+rpt3, 3.0.18-0+deb11u1+rpi1), libbluetooth3:armhf (5.55-3.1+rpt1, 5.55-3.1+rpt2), vlc-plugin-skins2:armhf (3.0.17.4-0+deb11u1+rpi1+rpt3, 3.0.18-0+deb11u1+rpi1), vcdbg:armhf (1:1.20220830-1, 1:1.20221104-1), libc-dev-bin:armhf (2.31-13+rpt2+rpi1+deb11u4, 2.31-13+rpt2+rpi1+deb11u5), libcamera0:armhf (0~git20220826+3fad116f-1, 0~git20221130+0684c373-1), vlc-plugin-video-splitter:armhf (3.0.17.4-0+deb11u1+rpi1+rpt3, 3.0.18-0+deb11u1+rpi1), libc-l10n:armhf (2.31-13+rpt2+rpi1+deb11u4, 2.31-13+rpt2+rpi1+deb11u5), libgtk-3-0:armhf (3.24.24-4+rpt4+deb11u2, 3.24.24-4+rpt9+deb11u2), bind9-libs:armhf (1:9.16.27-1~deb11u1, 1:9.16.33-1~deb11u1), libcamera-apps:armhf (0~git20220830+1bf0cca-1, 0~git20221201+9c5d319-1), libc-bin:armhf (2.31-13+rpt2+rpi1+deb11u4, 2.31-13+rpt2+rpi1+deb11u5), libc-devtools:armhf (2.31-13+rpt2+rpi1+deb11u4, 2.31-13+rpt2+rpi1+deb11u5), libswresample3:armhf (7:4.3.4-0+deb11u1+rpt3, 7:4.3.5-0+deb11u1+rpt2), dhcpcd5:armhf (1:8.1.2-1+rpt7, 1:8.1.2-1+rpt9), vlc-plugin-video-output:armhf (3.0.17.4-0+deb11u1+rpi1+rpt3, 3.0.18-0+deb11u1+rpi1), gtk-update-icon-cache:armhf (3.24.24-4+rpt4+deb11u2, 3.24.24-4+rpt9+deb11u2), libgtk-3-common:armhf (3.24.24-4+rpt4+deb11u2, 3.24.24-4+rpt9+deb11u2), libc6-dbg:armhf (2.31-13+rpt2+rpi1+deb11u4, 2.31-13+rpt2+rpi1+deb11u5), libc6-dev:armhf (2.31-13+rpt2+rpi1+deb11u4, 2.31-13+rpt2+rpi1+deb11u5), libksba8:armhf (1.5.0-3, 1.5.0-3+deb11u1), libwebkit2gtk-4.0-37:armhf (2.34.6-1~deb11u1+rpi1, 2.38.2-1~deb11u1+rpi1), bluez:armhf (5.55-3.1+rpt1, 5.55-3.1+rpt2), libexpat1-dev:armhf (2.2.10-2+deb11u3, 2.2.10-2+deb11u5), libavformat58:armhf (7:4.3.4-0+deb11u1+rpt3, 7:4.3.5-0+deb11u1+rpt2), raspberrypi-kernel:armhf (1:1.20220830-1, 1:1.20221104-1), libavresample4:armhf (7:4.3.4-0+deb11u1+rpt3, 7:4.3.5-0+deb11u1+rpt2), python3-libcamera:armhf (0~git20220826+3fad116f-1, 0~git20221130+0684c373-1), dbus:armhf (1.12.20-2, 1.12.24-0+deb11u1), raspberrypi-sys-mods:armhf (20220915, 20221019), libvlc-bin:armhf (3.0.17.4-0+deb11u1+rpi1+rpt3, 3.0.18-0+deb11u1+rpi1), libuv1:armhf (1.40.0-1, 1.40.0-2), vlc-plugin-base:armhf (3.0.17.4-0+deb11u1+rpi1+rpt3, 3.0.18-0+deb11u1+rpi1), vlc-plugin-visualization:armhf (3.0.17.4-0+deb11u1+rpi1+rpt3, 3.0.18-0+deb11u1+rpi1), linux-libc-dev:armhf (1:1.20220830-1, 1:1.20221104-1), libavfilter7:armhf (7:4.3.4-0+deb11u1+rpt3, 7:4.3.5-0+deb11u1+rpt2)
End-Date: 2022-12-10  11:19:11

Start-Date: 2022-12-10  13:55:27
Commandline: apt install universal-ctags
Requested-By: eric (1000)
Install: universal-ctags:armhf (0+git20200824-1.1)
End-Date: 2022-12-10  13:55:30

Start-Date: 2022-12-10  13:55:42
Commandline: apt remove --purge universal-ctags
Requested-By: eric (1000)
Purge: universal-ctags:armhf (0+git20200824-1.1)
End-Date: 2022-12-10  13:55:44

Start-Date: 2022-12-10  13:56:19
Commandline: apt install flex bison
Requested-By: eric (1000)
Install: bison:armhf (2:3.7.5+dfsg-1), libsigsegv2:armhf (2.13-1, automatic), flex:armhf (2.6.4-8), libfl-dev:armhf (2.6.4-8, automatic), m4:armhf (1.4.18-5, automatic), libfl2:armhf (2.6.4-8, automatic)
End-Date: 2022-12-10  13:56:22

Start-Date: 2022-12-10  13:57:19
Commandline: apt install vim
Requested-By: eric (1000)
Install: vim:armhf (2:8.2.2434-3+deb11u1), vim-runtime:armhf (2:8.2.2434-3+deb11u1, automatic)
End-Date: 2022-12-10  13:57:24

Start-Date: 2022-12-10  13:57:47
Commandline: apt install gitk
Requested-By: eric (1000)
Install: tcl:armhf (8.6.11+1, automatic), gitk:armhf (1:2.30.2-1), tcl8.6:armhf (8.6.11+dfsg-1, automatic), tk:armhf (8.6.11+1, automatic), tk8.6:armhf (8.6.11-2, automatic)
End-Date: 2022-12-10  13:57:49

Start-Date: 2022-12-10  13:57:58
Commandline: apt install git-gui
Requested-By: eric (1000)
Install: git-gui:armhf (1:2.30.2-1)
End-Date: 2022-12-10  13:57:59

Start-Date: 2022-12-10  13:58:20
Commandline: apt install git-doc
Requested-By: eric (1000)
Install: git-doc:armhf (1:2.30.2-1)
End-Date: 2022-12-10  13:58:22

Start-Date: 2022-12-10  13:58:35
Commandline: apt install subversion
Requested-By: eric (1000)
Install: libapr1:armhf (1.7.0-6+deb11u1, automatic), libserf-1-1:armhf (1.3.9-10, automatic), libsvn1:armhf (1.14.1-3+deb11u1, automatic), libaprutil1:armhf (1.6.1-5, automatic), libutf8proc2:armhf (2.5.0-1, automatic), subversion:armhf (1.14.1-3+deb11u1)
End-Date: 2022-12-10  13:58:38

Start-Date: 2022-12-10  13:58:52
Commandline: apt install mercurial
Requested-By: eric (1000)
Install: mercurial-common:armhf (5.6.1-4+rpi1, automatic), mercurial:armhf (5.6.1-4+rpi1)
End-Date: 2022-12-10  13:59:00

Start-Date: 2022-12-10  13:59:13
Commandline: apt install cmake
Requested-By: eric (1000)
Install: libjsoncpp24:armhf (1.9.4-4, automatic), librhash0:armhf (1.4.1-2, automatic), cmake-data:armhf (3.18.4-2+rpt1+rpi1+deb11u1, automatic), cmake:armhf (3.18.4-2+rpt1+rpi1+deb11u1)
End-Date: 2022-12-10  13:59:18

Start-Date: 2022-12-10  14:07:50
Commandline: apt install tmux
Requested-By: eric (1000)
Install: tmux:armhf (3.1c-1+deb11u1), libutempter0:armhf (1.2.1-2, automatic)
End-Date: 2022-12-10  14:07:52

Start-Date: 2022-12-10  21:45:21
Commandline: apt install gettext
Requested-By: eric (1000)
Install: gettext:armhf (0.21-4)
End-Date: 2022-12-10  21:45:23

Start-Date: 2022-12-10  21:47:53
Commandline: apt install librsync-dev
Requested-By: eric (1000)
Install: libb2-1:armhf (0.98.1-1.1, automatic), librsync-dev:armhf (2.3.1-1), librsync2:armhf (2.3.1-1, automatic), libpopt-dev:armhf (1.18-2, automatic)
End-Date: 2022-12-10  21:47:55

Start-Date: 2022-12-10  22:56:09
Commandline: apt install libssl-dev
Requested-By: eric (1000)
Install: libssl-dev:armhf (1.1.1n-0+deb11u3+rpt1)
End-Date: 2022-12-10  22:56:10

Start-Date: 2022-12-11  10:57:08
Commandline: apt-get dist-upgrade
Requested-By: eric (1000)
Upgrade: libopenexr25:armhf (2.5.4-2, 2.5.4-2+deb11u1)
End-Date: 2022-12-11  10:57:10

Start-Date: 2022-12-12  07:36:35
Commandline: apt upgrade
Requested-By: eric (1000)
Upgrade: vlc-plugin-qt:armhf (3.0.18-0+deb11u1+rpi1, 3.0.18-0+rpt1+deb11u1), libvlc5:armhf (3.0.18-0+deb11u1+rpi1, 3.0.18-0+rpt1+deb11u1), vlc-data:armhf (3.0.18-0+deb11u1+rpi1, 3.0.18-0+rpt1+deb11u1), libvlccore9:armhf (3.0.18-0+deb11u1+rpi1, 3.0.18-0+rpt1+deb11u1), vlc:armhf (3.0.18-0+deb11u1+rpi1, 3.0.18-0+rpt1+deb11u1), vlc-bin:armhf (3.0.18-0+deb11u1+rpi1, 3.0.18-0+rpt1+deb11u1), vlc-l10n:armhf (3.0.18-0+deb11u1+rpi1, 3.0.18-0+rpt1+deb11u1), vlc-plugin-samba:armhf (3.0.18-0+deb11u1+rpi1, 3.0.18-0+rpt1+deb11u1), vlc-plugin-notify:armhf (3.0.18-0+deb11u1+rpi1, 3.0.18-0+rpt1+deb11u1), vlc-plugin-access-extra:armhf (3.0.18-0+deb11u1+rpi1, 3.0.18-0+rpt1+deb11u1), vlc-plugin-skins2:armhf (3.0.18-0+deb11u1+rpi1, 3.0.18-0+rpt1+deb11u1), vlc-plugin-video-splitter:armhf (3.0.18-0+deb11u1+rpi1, 3.0.18-0+rpt1+deb11u1), vlc-plugin-video-output:armhf (3.0.18-0+deb11u1+rpi1, 3.0.18-0+rpt1+deb11u1), libvlc-bin:armhf (3.0.18-0+deb11u1+rpi1, 3.0.18-0+rpt1+deb11u1), vlc-plugin-base:armhf (3.0.18-0+deb11u1+rpi1, 3.0.18-0+rpt1+deb11u1), vlc-plugin-visualization:armhf (3.0.18-0+deb11u1+rpi1, 3.0.18-0+rpt1+deb11u1)
End-Date: 2022-12-12  07:36:44

Start-Date: 2022-12-12  07:37:59
Commandline: apt install libfuse-dev
Requested-By: eric (1000)
Install: libselinux1-dev:armhf (3.1-3, automatic), libsepol1-dev:armhf (3.1-1, automatic), libpcre2-32-0:armhf (10.36-2+deb11u1, automatic), libfuse-dev:armhf (2.9.9-5), libpcre2-dev:armhf (10.36-2+deb11u1, automatic)
End-Date: 2022-12-12  07:38:04

Start-Date: 2022-12-12  20:34:44
Commandline: apt install imagemagick
Requested-By: eric (1000)
Install: libnetpbm10:armhf (2:10.0-15.4, automatic), netpbm:armhf (2:10.0-15.4, automatic), libheif1:armhf (1.11.0-1, automatic), imagemagick:armhf (8:6.9.11.60+dfsg-1.3), gsfonts:armhf (1:8.11+urwcyr1.0.7~pre44-4.5, automatic), libwmf0.2-7:armhf (0.2.8.4-17, automatic), libmagickcore-6.q16-6-extra:armhf (8:6.9.11.60+dfsg-1.3, automatic), libmagickwand-6.q16-6:armhf (8:6.9.11.60+dfsg-1.3, automatic), imagemagick-6.q16:armhf (8:6.9.11.60+dfsg-1.3, automatic), libmagickcore-6.q16-6:armhf (8:6.9.11.60+dfsg-1.3, automatic), libjxr-tools:armhf (1.1-6, automatic), imagemagick-6-common:armhf (8:6.9.11.60+dfsg-1.3, automatic), libjxr0:armhf (1.1-6, automatic), liblqr-1-0:armhf (0.4.2-2.1, automatic)
End-Date: 2022-12-12  20:34:55
